<?xml version="1.0" encoding="UTF-8"?>
<testng-results ignored="0" total="2" passed="2" failed="0" skipped="0">
  <reporter-output>
  </reporter-output>
  <suite started-at="2022-06-14T15:38:30 IST" name="Default suite" finished-at="2022-06-14T15:38:33 IST" duration-ms="2937">
    <groups>
    </groups>
    <test started-at="2022-06-14T15:38:30 IST" name="Default test" finished-at="2022-06-14T15:38:33 IST" duration-ms="2937">
      <class name="tests.GetandPost">
        <test-method signature="testGet()[pri:0, instance:tests.GetandPost@4738a206]" started-at="2022-06-14T15:38:30 IST" name="testGet" finished-at="2022-06-14T15:38:33 IST" duration-ms="2254" status="PASS">
          <reporter-output>
          </reporter-output>
        </test-method> <!-- testGet -->
        <test-method signature="testPost()[pri:0, instance:tests.GetandPost@4738a206]" started-at="2022-06-14T15:38:33 IST" name="testPost" finished-at="2022-06-14T15:38:33 IST" duration-ms="624" status="PASS">
          <reporter-output>
          </reporter-output>
        </test-method> <!-- testPost -->
      </class> <!-- tests.GetandPost -->
    </test> <!-- Default test -->
  </suite> <!-- Default suite -->
</testng-results>
